<?xml version="1.0" encoding="UTF-8"?>
<!-- Generated by org.testng.reporters.JUnitReportReporter -->
<testsuite hostname="SHARDUL" failures="0" tests="1" name="com.Roopkala.AUTOTEST.LehengasDropdownTEST" time="51.461" errors="0" timestamp="30 Jul 2023 07:47:00 GMT" skipped="0">
  <testcase classname="com.Roopkala.AUTOTEST.LehengasDropdownTEST" name="Lehengas" time="51.461"/>
</testsuite> <!-- com.Roopkala.AUTOTEST.LehengasDropdownTEST -->
