<?xml version="1.0" encoding="UTF-8"?>
<!-- Generated by org.testng.reporters.JUnitReportReporter -->
<testsuite hostname="SHARDUL" failures="0" tests="1" name="com.Roopkala.AUTOTEST.HomepageTest" time="0.004" errors="1" timestamp="26 Mar 2023 19:56:14 GMT" skipped="0">
  <testcase classname="com.Roopkala.AUTOTEST.HomepageTest" name="Accept" time="0.004">
    <error message="Unresolved compilation problems: 
	Cart cannot be resolved or is not a field
	Product_cancel_in_CART_button cannot be resolved or is not a field
	Product_cancel_in_CART_button cannot be resolved or is not a field
	Product_cancel_in_CART_button cannot be resolved or is not a field
	Product_cancel_in_CART_button cannot be resolved or is not a field
	Product_cancel_in_CART_button cannot be resolved or is not a field
	Product_cancel_in_CART_button cannot be resolved or is not a field
	Product_cancel_in_CART_button cannot be resolved or is not a field
	CloseCart_button cannot be resolved or is not a field
	ADD_TO_Cart cannot be resolved or is not a field
	close_cart_after_add_product_button cannot be resolved or is not a field
	ADD_TO_Cart cannot be resolved or is not a field
	close_cart_after_add_product_button cannot be resolved or is not a field
	ADD_TO_Cart cannot be resolved or is not a field
	close_cart_after_add_product_button cannot be resolved or is not a field
	ADD_TO_Cart cannot be resolved or is not a field
	close_cart_after_add_product_button cannot be resolved or is not a field
	ADD_TO_Cart_withoutsize cannot be resolved or is not a field
	close_cart_after_add_product_button cannot be resolved or is not a field
	ADD_TO_Cart_withoutsize cannot be resolved or is not a field
	close_cart_after_add_product_button cannot be resolved or is not a field
	Cart cannot be resolved or is not a field
	VIEW_CART_button cannot be resolved or is not a field
	Product_cancel_in_CART_button cannot be resolved or is not a field
	Product_cancel_in_CART_button cannot be resolved or is not a field
	Product_cancel_in_CART_button cannot be resolved or is not a field
	Product_cancel_in_CART_button cannot be resolved or is not a field
	Product_cancel_in_CART_button cannot be resolved or is not a field
	currency cannot be resolved or is not a field
	USD_button cannot be resolved or is not a field
	currency cannot be resolved or is not a field
	INR_button cannot be resolved or is not a field
	currency cannot be resolved or is not a field
	GBP_button cannot be resolved or is not a field
	currency cannot be resolved or is not a field
	SGD_button cannot be resolved or is not a field
	currency cannot be resolved or is not a field
	EUR_button cannot be resolved or is not a field
	currency cannot be resolved or is not a field
	AED_button cannot be resolved or is not a field
	currency cannot be resolved or is not a field
	INR_button cannot be resolved or is not a field
" type="java.lang.Error">
      <![CDATA[java.lang.Error: Unresolved compilation problems: 
Cart cannot be resolved or is not a field
Product_cancel_in_CART_button cannot be resolved or is not a field
Product_cancel_in_CART_button cannot be resolved or is not a field
Product_cancel_in_CART_button cannot be resolved or is not a field
Product_cancel_in_CART_button cannot be resolved or is not a field
Product_cancel_in_CART_button cannot be resolved or is not a field
Product_cancel_in_CART_button cannot be resolved or is not a field
Product_cancel_in_CART_button cannot be resolved or is not a field
CloseCart_button cannot be resolved or is not a field
ADD_TO_Cart cannot be resolved or is not a field
close_cart_after_add_product_button cannot be resolved or is not a field
ADD_TO_Cart cannot be resolved or is not a field
close_cart_after_add_product_button cannot be resolved or is not a field
ADD_TO_Cart cannot be resolved or is not a field
close_cart_after_add_product_button cannot be resolved or is not a field
ADD_TO_Cart cannot be resolved or is not a field
close_cart_after_add_product_button cannot be resolved or is not a field
ADD_TO_Cart_withoutsize cannot be resolved or is not a field
close_cart_after_add_product_button cannot be resolved or is not a field
ADD_TO_Cart_withoutsize cannot be resolved or is not a field
close_cart_after_add_product_button cannot be resolved or is not a field
Cart cannot be resolved or is not a field
VIEW_CART_button cannot be resolved or is not a field
Product_cancel_in_CART_button cannot be resolved or is not a field
Product_cancel_in_CART_button cannot be resolved or is not a field
Product_cancel_in_CART_button cannot be resolved or is not a field
Product_cancel_in_CART_button cannot be resolved or is not a field
Product_cancel_in_CART_button cannot be resolved or is not a field
currency cannot be resolved or is not a field
USD_button cannot be resolved or is not a field
currency cannot be resolved or is not a field
INR_button cannot be resolved or is not a field
currency cannot be resolved or is not a field
GBP_button cannot be resolved or is not a field
currency cannot be resolved or is not a field
SGD_button cannot be resolved or is not a field
currency cannot be resolved or is not a field
EUR_button cannot be resolved or is not a field
currency cannot be resolved or is not a field
AED_button cannot be resolved or is not a field
currency cannot be resolved or is not a field
INR_button cannot be resolved or is not a field

at com.Roopkala.AUTOTEST.HomepageTest.Accept(HomepageTest.java:73)
at java.base/jdk.internal.reflect.NativeMethodAccessorImpl.invoke0(Native Method)
at java.base/jdk.internal.reflect.NativeMethodAccessorImpl.invoke(NativeMethodAccessorImpl.java:77)
at java.base/jdk.internal.reflect.DelegatingMethodAccessorImpl.invoke(DelegatingMethodAccessorImpl.java:43)
at java.base/java.lang.reflect.Method.invoke(Method.java:568)
at org.testng.internal.MethodInvocationHelper.invokeMethod(MethodInvocationHelper.java:124)
at org.testng.internal.Invoker.invokeMethod(Invoker.java:583)
at org.testng.internal.Invoker.invokeTestMethod(Invoker.java:719)
at org.testng.internal.Invoker.invokeTestMethods(Invoker.java:989)
at org.testng.internal.TestMethodWorker.invokeTestMethods(TestMethodWorker.java:125)
at org.testng.internal.TestMethodWorker.run(TestMethodWorker.java:109)
at org.testng.TestRunner.privateRun(TestRunner.java:648)
at org.testng.TestRunner.run(TestRunner.java:505)
at org.testng.SuiteRunner.runTest(SuiteRunner.java:455)
at org.testng.SuiteRunner.runSequentially(SuiteRunner.java:450)
at org.testng.SuiteRunner.privateRun(SuiteRunner.java:415)
at org.testng.SuiteRunner.run(SuiteRunner.java:364)
at org.testng.SuiteRunnerWorker.runSuite(SuiteRunnerWorker.java:52)
at org.testng.SuiteRunnerWorker.run(SuiteRunnerWorker.java:84)
at org.testng.TestNG.runSuitesSequentially(TestNG.java:1208)
at org.testng.TestNG.runSuitesLocally(TestNG.java:1137)
at org.testng.TestNG.runSuites(TestNG.java:1049)
at org.testng.TestNG.run(TestNG.java:1017)
at org.testng.remote.AbstractRemoteTestNG.run(AbstractRemoteTestNG.java:115)
at org.testng.remote.RemoteTestNG.initAndRun(RemoteTestNG.java:251)
at org.testng.remote.RemoteTestNG.main(RemoteTestNG.java:77)
]]>
    </error>
  </testcase> <!-- Accept -->
</testsuite> <!-- com.Roopkala.AUTOTEST.HomepageTest -->
